Build started 7/20/2012 9:51:29 AM.
     1>Project "C:\Users\Student\Desktop\Spencer C\SuperSpy\Game\Game.vcxproj" on node 2 (build target(s)).
     1>C:\Program Files (x86)\MSBuild\Microsoft.Cpp\v4.0\Microsoft.CppBuild.targets(283,5): error MSB8013: This project doesn't contain the Configuration and Platform combination of Release2|Win32.
     1>Done Building Project "C:\Users\Student\Desktop\Spencer C\SuperSpy\Game\Game.vcxproj" (build target(s)) -- FAILED.

Build FAILED.

Time Elapsed 00:00:00.00
